

times in msec
 clock   self+sourced   self:  sourced script
 clock   elapsed:              other lines

000.004  000.004: --- NVIM STARTING ---
000.078  000.074: event init
000.168  000.090: early init
000.663  000.495: locale set
000.732  000.069: init first window
001.018  000.286: inits 1
001.034  000.016: window checked
001.035  000.002: parsing arguments
001.473  000.043  000.043: require('vim.shared')
001.560  000.033  000.033: require('vim._options')
001.561  000.085  000.052: require('vim._editor')
001.563  000.174  000.045: require('vim._init_packages')
001.565  000.356: init lua interpreter
010.579  009.014: expanding arguments
010.627  000.048: inits 2
010.860  000.233: init highlight
010.861  000.001: waiting for UI
010.964  000.103: done waiting for UI
010.968  000.004: clear screen
011.184  000.216: init default mappings & autocommands
016.210  000.391  000.391: sourcing /opt/homebrew/Cellar/neovim/0.9.4/share/nvim/runtime/ftplugin.vim
016.649  000.171  000.171: sourcing /opt/homebrew/Cellar/neovim/0.9.4/share/nvim/runtime/indent.vim
016.999  000.036  000.036: require('vim.loader')
017.157  000.024  000.024: require('vim.fs')
026.424  000.246  000.246: require('packer.util')
026.452  008.104  007.858: require('packer')
027.162  000.284  000.284: require('packer.log')
028.029  000.151  000.151: require('packer.async')
028.244  000.101  000.101: require('packer.result')
028.246  000.215  000.114: require('packer.jobs')
028.251  001.077  000.712: require('packer.plugin_utils')
028.405  000.139  000.139: require('packer.snapshot')
028.631  011.616  001.986: require('plugins')
028.933  000.013  000.013: require('vim.keymap')
029.377  000.744  000.731: require('maps')
030.448  000.674  000.674: require('vim.filetype')
033.911  000.349  000.349: require('solarized-osaka.treesitter')
033.916  000.628  000.279: require('solarized-osaka.util')
035.081  000.296  000.296: require('solarized-osaka.hsl')
035.207  000.754  000.457: require('solarized-osaka.colors')
035.209  001.290  000.537: require('solarized-osaka.theme')
035.533  000.324  000.324: require('solarized-osaka.config')
035.536  003.185  000.943: require('solarized-osaka')
037.885  000.003  000.003: require('vim.F')
037.914  002.170  002.167: require('vim.diagnostic')
038.846  000.217  000.217: require('vim.treesitter.language')
038.852  000.415  000.199: require('vim.treesitter.query')
039.012  000.159  000.159: require('vim.treesitter._range')
039.015  000.775  000.201: require('vim.treesitter.languagetree')
039.019  001.091  000.316: require('vim.treesitter')
039.678  000.659  000.659: require('vim.treesitter.highlighter')
040.327  008.326  001.222: sourcing /Users/HS/.local/share/nvim/site/pack/packer/start/solarized-osaka.nvim/colors/solarized-osaka.lua
040.475  011.097  002.097: require('base')
040.940  024.108  000.616: sourcing /Users/HS/.config/nvim/init.lua
040.951  005.097: sourcing vimrc file(s)
042.043  000.115  000.115: sourcing /Users/HS/.local/share/nvim/site/pack/packer/start/vim-crystal/ftdetect/crystal.vim
042.189  000.111  000.111: sourcing /Users/HS/.local/share/nvim/site/pack/packer/start/vim-crystal/ftdetect/ecrystal.vim
042.783  000.123  000.123: sourcing /Users/HS/.local/share/nvim/site/pack/packer/start/vim-fugitive/ftdetect/fugitive.vim
043.322  000.214  000.214: sourcing /Users/HS/.local/share/nvim/site/pack/packer/start/vim-go/ftdetect/gofiletype.vim
043.514  000.113  000.113: sourcing /Users/HS/.local/share/nvim/site/pack/packer/start/vim-javascript/ftdetect/flow.vim
043.625  000.076  000.076: sourcing /Users/HS/.local/share/nvim/site/pack/packer/start/vim-javascript/ftdetect/javascript.vim
044.456  000.113  000.113: sourcing /Users/HS/.local/share/nvim/site/pack/packer/start/vim-pug/ftdetect/pug.vim
044.827  000.112  000.112: sourcing /Users/HS/.local/share/nvim/site/pack/packer/start/vim-razor/ftdetect/razor.vim
045.245  000.118  000.118: sourcing /Users/HS/.local/share/nvim/site/pack/packer/start/vim-svelte/ftdetect/svelte.vim
045.591  004.325  003.228: sourcing /opt/homebrew/Cellar/neovim/0.9.4/share/nvim/runtime/filetype.lua
046.375  000.269  000.269: sourcing /opt/homebrew/Cellar/neovim/0.9.4/share/nvim/runtime/syntax/synload.vim
046.426  000.706  000.437: sourcing /opt/homebrew/Cellar/neovim/0.9.4/share/nvim/runtime/syntax/syntax.vim
048.334  000.214  000.214: sourcing /opt/homebrew/Cellar/neovim/0.9.4/share/nvim/runtime/plugin/gzip.vim
048.963  000.592  000.592: sourcing /opt/homebrew/Cellar/neovim/0.9.4/share/nvim/runtime/plugin/health.vim
049.807  000.243  000.243: sourcing /opt/homebrew/Cellar/neovim/0.9.4/share/nvim/runtime/pack/dist/opt/matchit/plugin/matchit.vim
049.913  000.911  000.667: sourcing /opt/homebrew/Cellar/neovim/0.9.4/share/nvim/runtime/plugin/matchit.vim
050.062  000.113  000.113: sourcing /opt/homebrew/Cellar/neovim/0.9.4/share/nvim/runtime/plugin/matchparen.vim
050.132  000.034  000.034: sourcing /opt/homebrew/Cellar/neovim/0.9.4/share/nvim/runtime/plugin/netrwPlugin.vim
051.961  001.607  001.607: sourcing /Users/HS/.local/share/nvim/rplugin.vim
051.980  001.810  000.203: sourcing /opt/homebrew/Cellar/neovim/0.9.4/share/nvim/runtime/plugin/rplugin.vim
052.110  000.074  000.074: sourcing /opt/homebrew/Cellar/neovim/0.9.4/share/nvim/runtime/plugin/shada.vim
052.195  000.040  000.040: sourcing /opt/homebrew/Cellar/neovim/0.9.4/share/nvim/runtime/plugin/spellfile.vim
052.319  000.084  000.084: sourcing /opt/homebrew/Cellar/neovim/0.9.4/share/nvim/runtime/plugin/tarPlugin.vim
052.445  000.086  000.086: sourcing /opt/homebrew/Cellar/neovim/0.9.4/share/nvim/runtime/plugin/tohtml.vim
052.515  000.032  000.032: sourcing /opt/homebrew/Cellar/neovim/0.9.4/share/nvim/runtime/plugin/tutor.vim
052.688  000.136  000.136: sourcing /opt/homebrew/Cellar/neovim/0.9.4/share/nvim/runtime/plugin/zipPlugin.vim
053.722  000.181  000.181: require('mason-core.path')
054.601  000.178  000.178: require('mason-core.functional')
054.923  000.100  000.100: require('mason-core.functional.data')
054.928  000.306  000.205: require('mason-core.functional.function')
055.069  000.130  000.130: require('mason-core.functional.relation')
055.544  000.471  000.471: require('mason-core.functional.logic')
055.553  001.829  000.744: require('mason-core.platform')
055.787  000.233  000.233: require('mason.settings')
055.788  002.491  000.248: require('mason')
056.003  000.114  000.114: require('mason-core.log')
056.083  000.079  000.079: require('mason-lspconfig.settings')
056.084  000.295  000.103: require('mason-lspconfig')
056.345  000.094  000.094: require('mason-core.functional.list')
056.467  000.120  000.120: require('mason-core.functional.string')
056.487  000.335  000.122: require('mason.api.command')
056.642  000.147  000.147: require('mason-registry.sources')
056.893  000.104  000.104: require('mason-lspconfig.notify')
056.896  000.215  000.111: require('mason-lspconfig.lspconfig_hook')
058.196  000.237  000.237: require('vim.lsp.log')
059.047  000.850  000.850: require('vim.lsp.protocol')
059.909  000.651  000.651: require('vim.lsp._snippet')
060.018  000.107  000.107: require('vim.highlight')
060.028  000.979  000.220: require('vim.lsp.util')
060.034  002.558  000.492: require('vim.lsp.handlers')
060.227  000.192  000.192: require('vim.lsp.rpc')
060.328  000.099  000.099: require('vim.lsp.sync')
060.520  000.191  000.191: require('vim.lsp.semantic_tokens')
060.725  000.204  000.204: require('vim.lsp.buf')
060.925  000.199  000.199: require('vim.lsp.diagnostic')
061.047  000.120  000.120: require('vim.lsp.codelens')
061.115  004.001  000.439: require('vim.lsp')
061.176  004.279  000.278: require('lspconfig.util')
061.827  000.316  000.316: require('mason-core.functional.table')
061.851  000.675  000.359: require('mason-lspconfig.mappings.server')
062.147  000.125  000.125: require('mason-core.EventEmitter')
062.605  000.457  000.457: require('mason-core.optional')
062.825  000.100  000.100: require('mason-core.async')
062.935  000.108  000.108: require('mason-core.async.uv')
062.938  000.332  000.123: require('mason-core.fs')
062.959  001.107  000.193: require('mason-registry')
063.065  000.104  000.104: require('mason-lspconfig.server_config_extensions')
063.527  000.143  000.143: require('lspconfig.async')
063.529  000.410  000.266: require('lspconfig.configs')
063.626  000.096  000.096: require('lspconfig.server_configurations.omnisharp')
064.110  000.098  000.098: require('mason-core.functional.number')
064.128  000.230  000.132: require('mason-lspconfig.api.command')
064.129  011.216  000.833: sourcing /Users/HS/.config/nvim/plugin/0_mason.rc.lua
065.076  000.401  000.401: require('prettier.utils')
065.135  000.620  000.219: require('prettier.options')
065.402  000.169  000.169: require('prettier.cli')
065.404  000.268  000.098: require('prettier.null-ls')
065.405  001.041  000.154: require('prettier')
065.574  000.168  000.168: require('lspconfig')
065.755  000.085  000.085: require('cmp_nvim_lsp.source')
065.757  000.174  000.089: require('cmp_nvim_lsp')
065.881  000.122  000.122: require('lspconfig/util')
066.003  000.120  000.120: require('lspconfig.server_configurations.svelte')
070.247  000.336  000.336: require('lspconfig.manager')
070.490  000.238  000.238: require('lspconfig.server_configurations.gopls')
071.112  000.165  000.165: require('lspconfig.server_configurations.tailwindcss')
071.604  000.180  000.180: require('lspconfig.server_configurations.flow')
071.820  000.115  000.115: require('lspconfig.server_configurations.tsserver')
072.312  000.248  000.248: require('lspconfig.server_configurations.sourcekit')
072.752  000.324  000.324: require('lspconfig.server_configurations.lua_ls')
073.035  000.097  000.097: require('lspconfig.server_configurations.cssls')
073.311  000.090  000.090: require('lspconfig.server_configurations.astro')
073.698  000.134  000.134: require('mason-lspconfig.typescript')
073.699  000.312  000.178: require('mason-lspconfig.server_configurations.astro')
073.836  000.090  000.090: require('lspconfig.server_configurations.intelephense')
074.152  009.962  006.144: sourcing /Users/HS/.config/nvim/plugin/lspconfig.lua
074.703  000.383  000.383: sourcing /Users/HS/.config/nvim/plugin/lspsaga.rc.lua
075.325  000.577  000.577: sourcing /Users/HS/.config/nvim/plugin/packer_compiled.lua
076.117  000.210  000.210: sourcing /opt/homebrew/Cellar/neovim/0.9.4/share/nvim/runtime/plugin/editorconfig.lua
076.296  000.130  000.130: sourcing /opt/homebrew/Cellar/neovim/0.9.4/share/nvim/runtime/plugin/man.lua
076.484  000.136  000.136: sourcing /opt/homebrew/Cellar/neovim/0.9.4/share/nvim/runtime/plugin/nvim.lua
076.514  003.792: loading rtp plugins
078.219  000.118  000.118: require('Comment.config')
078.642  000.280  000.280: require('Comment.ft')
078.648  000.426  000.146: require('Comment.utils')
078.911  000.263  000.263: require('Comment.opfunc')
079.151  000.239  000.239: require('Comment.extra')
079.160  001.215  000.170: require('Comment.api')
079.652  001.970  000.755: sourcing /Users/HS/.local/share/nvim/site/pack/packer/start/Comment.nvim/plugin/Comment.lua
080.511  000.214  000.214: sourcing /Users/HS/.local/share/nvim/site/pack/packer/start/fzf-lua/plugin/fzf-lua.vim
081.542  000.581  000.581: sourcing /Users/HS/.local/share/nvim/site/pack/packer/start/fzf.vim/plugin/fzf.vim
082.334  000.132  000.132: sourcing /Users/HS/.local/share/nvim/site/pack/packer/start/limelight.vim/plugin/limelight.vim
083.143  000.230  000.230: sourcing /Users/HS/.local/share/nvim/site/pack/packer/start/LuaSnip/plugin/luasnip.vim
084.356  000.433  000.433: require('luasnip.util.types')
084.359  000.561  000.128: require('luasnip.util.ext_opts')
085.433  000.203  000.203: require('luasnip.util.lazy_table')
085.603  000.169  000.169: require('luasnip.extras.filetype_functions')
085.620  001.036  000.665: require('luasnip.default_config')
085.622  001.261  000.225: require('luasnip.session')
085.624  001.990  000.168: require('luasnip.config')
086.498  000.465  000.465: require('luasnip.util.util')
087.065  000.204  000.204: require('luasnip.nodes.key_indexer')
087.071  000.571  000.367: require('luasnip.nodes.util')
087.774  000.375  000.375: require('luasnip.session.snippet_collection.source')
087.945  000.169  000.169: require('luasnip.util.table')
088.213  000.150  000.150: require('luasnip.util.auto_table')
088.218  001.146  000.452: require('luasnip.session.snippet_collection')
088.699  000.259  000.259: require('luasnip.util.select')
089.092  000.392  000.392: require('luasnip.util.time')
089.668  001.341  000.691: require('luasnip.util._builtin_vars')
089.804  000.134  000.134: require('vim.inspect')
089.863  001.643  000.168: require('luasnip.util.environ')
090.085  000.221  000.221: require('luasnip.util.extend_decorator')
090.904  000.570  000.570: require('luasnip.util.path')
091.435  000.292  000.292: require('luasnip.util.log')
091.439  000.533  000.241: require('luasnip.loaders.util')
091.575  000.136  000.136: require('luasnip.loaders.data')
092.168  000.592  000.592: require('luasnip.loaders.fs_watchers')
092.171  002.084  000.254: require('luasnip.loaders')
092.185  006.552  000.422: require('luasnip')
092.206  008.938  000.396: sourcing /Users/HS/.local/share/nvim/site/pack/packer/start/LuaSnip/plugin/luasnip.lua
093.014  000.411  000.411: sourcing /Users/HS/.local/share/nvim/site/pack/packer/start/markdown-preview.nvim/plugin/mkdp.vim
094.590  000.513  000.513: require('cmp.utils.api')
095.011  000.173  000.173: require('cmp.types.cmp')
095.615  000.207  000.207: require('cmp.utils.misc')
095.670  000.658  000.451: require('cmp.types.lsp')
095.774  000.102  000.102: require('cmp.types.vim')
095.775  001.183  000.250: require('cmp.types')
095.973  000.198  000.198: require('cmp.utils.highlight')
096.504  000.264  000.264: require('cmp.utils.debug')
096.512  000.536  000.273: require('cmp.utils.autocmd')
096.695  002.871  000.441: sourcing /Users/HS/.local/share/nvim/site/pack/packer/start/nvim-cmp/plugin/cmp.lua
097.186  000.135  000.135: sourcing /Users/HS/.local/share/nvim/site/pack/packer/start/nvim-colorizer.lua/plugin/colorizer.vim
097.916  000.311  000.311: sourcing /Users/HS/.local/share/nvim/site/pack/packer/start/nvim-lspconfig/plugin/lspconfig.lua
099.566  000.133  000.133: require('nvim-treesitter.utils')
100.542  000.974  000.974: require('nvim-treesitter.parsers')
101.569  000.488  000.488: require('nvim-treesitter.compat')
101.797  000.150  000.150: require('nvim-treesitter.ts_utils')
101.800  000.230  000.079: require('nvim-treesitter.tsrange')
101.869  000.068  000.068: require('nvim-treesitter.caching')
101.874  000.956  000.171: require('nvim-treesitter.query')
101.881  001.140  000.183: require('nvim-treesitter.configs')
101.883  001.339  000.200: require('nvim-treesitter.info')
102.032  000.148  000.148: require('nvim-treesitter.shell_command_selectors')
102.044  003.319  000.724: require('nvim-treesitter.install')
102.439  000.393  000.393: require('nvim-treesitter.statusline')
103.126  000.686  000.686: require('nvim-treesitter.query_predicates')
103.128  004.562  000.164: require('nvim-treesitter')
103.311  004.893  000.331: sourcing /Users/HS/.local/share/nvim/site/pack/packer/start/nvim-treesitter/plugin/nvim-treesitter.lua
104.445  000.150  000.150: require('nvim-ts-autotag._log')
104.563  000.117  000.117: require('nvim-ts-autotag.utils')
104.569  000.538  000.271: require('nvim-ts-autotag.internal')
104.570  000.699  000.161: require('nvim-ts-autotag')
104.579  000.809  000.110: sourcing /Users/HS/.local/share/nvim/site/pack/packer/start/nvim-ts-autotag/plugin/nvim-ts-autotag.vim
105.075  000.232  000.232: sourcing /Users/HS/.local/share/nvim/site/pack/packer/start/nvim-ts-context-commentstring/plugin/ts_context_commentstring.lua
105.332  000.127  000.127: sourcing /Users/HS/.local/share/nvim/site/pack/packer/start/nvim-web-devicons/plugin/nvim-web-devicons.vim
106.305  000.538  000.538: sourcing /Users/HS/.local/share/nvim/site/pack/packer/start/plenary.nvim/plugin/plenary.vim
106.612  000.110  000.110: sourcing /Users/HS/.local/share/nvim/site/pack/packer/start/prettier.nvim/plugin/prettier.vim
107.490  000.211  000.211: sourcing /Users/HS/.local/share/nvim/site/pack/packer/start/telescope.nvim/plugin/telescope.lua
107.935  000.199  000.199: sourcing /Users/HS/.local/share/nvim/site/pack/packer/start/undotree/plugin/undotree.vim
108.988  000.288  000.288: sourcing /Users/HS/.local/share/nvim/site/pack/packer/start/unite.vim/autoload/unite/custom.vim
109.032  000.643  000.354: sourcing /Users/HS/.local/share/nvim/site/pack/packer/start/unite.vim/plugin/unite/bookmark.vim
109.178  000.106  000.106: sourcing /Users/HS/.local/share/nvim/site/pack/packer/start/unite.vim/plugin/unite/buffer.vim
109.318  000.100  000.100: sourcing /Users/HS/.local/share/nvim/site/pack/packer/start/unite.vim/plugin/unite/window.vim
109.785  000.429  000.429: sourcing /Users/HS/.local/share/nvim/site/pack/packer/start/unite.vim/plugin/unite.vim
110.516  000.181  000.181: sourcing /Users/HS/.local/share/nvim/site/pack/packer/start/vim-commentary/plugin/commentary.vim
110.932  000.118  000.118: sourcing /Users/HS/.local/share/nvim/site/pack/packer/start/vim-crystal/plugin/crystal.vim
111.609  000.293  000.293: sourcing /Users/HS/.local/share/nvim/site/pack/packer/start/vim-endwise/plugin/endwise.vim
112.660  000.844  000.844: sourcing /Users/HS/.local/share/nvim/site/pack/packer/start/vim-fugitive/plugin/fugitive.vim
113.904  000.608  000.608: sourcing /Users/HS/.local/share/nvim/site/pack/packer/start/vim-go/autoload/go/config.vim
114.675  000.515  000.515: sourcing /Users/HS/.local/share/nvim/site/pack/packer/start/vim-go/autoload/go/util.vim
114.689  001.707  000.585: sourcing /Users/HS/.local/share/nvim/site/pack/packer/start/vim-go/plugin/go.vim
115.397  000.214  000.214: sourcing /Users/HS/.local/share/nvim/site/pack/packer/start/vim-iawriter/plugin/vim_iawriter.vim
116.118  000.279  000.279: sourcing /Users/HS/.local/share/nvim/site/pack/packer/start/vim-startuptime/plugin/startuptime.vim
117.248  000.380  000.380: sourcing /Users/HS/.local/share/nvim/site/pack/packer/start/vim-visual-multi/autoload/vm/plugs.vim
117.797  000.255  000.255: sourcing /Users/HS/.local/share/nvim/site/pack/packer/start/vim-visual-multi/autoload/vm/maps.vim
118.216  000.230  000.230: sourcing /Users/HS/.local/share/nvim/site/pack/packer/start/vim-visual-multi/autoload/vm/maps/all.vim
118.754  002.216  001.351: sourcing /Users/HS/.local/share/nvim/site/pack/packer/start/vim-visual-multi/plugin/visual-multi.vim
119.247  000.122  000.122: sourcing /Users/HS/.local/share/nvim/site/pack/packer/start/zen-mode.nvim/plugin/zen-mode.vim
119.621  000.176  000.176: sourcing /Users/HS/.local/share/nvim/site/pack/packer/start/zoxide.vim/plugin/zoxide.vim
119.802  012.945: loading packages
121.375  000.200  000.200: require('cmp.utils.char')
121.379  000.324  000.124: require('cmp.utils.str')
122.000  000.072  000.072: require('cmp.utils.buffer')
122.003  000.198  000.126: require('cmp.utils.keymap')
122.005  000.625  000.427: require('cmp.utils.feedkeys')
122.246  000.081  000.081: require('cmp.config.mapping')
122.402  000.155  000.155: require('cmp.utils.cache')
123.074  000.549  000.549: require('cmp.config.compare')
123.076  000.672  000.124: require('cmp.config.default')
123.098  001.010  000.101: require('cmp.config')
123.108  001.103  000.093: require('cmp.utils.async')
123.267  000.071  000.071: require('cmp.utils.pattern')
123.269  000.160  000.090: require('cmp.context')
123.776  000.158  000.158: require('cmp.matcher')
123.781  000.339  000.181: require('cmp.entry')
123.784  000.514  000.175: require('cmp.source')
124.487  000.535  000.535: require('cmp.utils.event')
125.185  000.111  000.111: require('cmp.utils.options')
125.187  000.533  000.422: require('cmp.utils.window')
125.189  000.700  000.167: require('cmp.view.docs_view')
125.607  000.417  000.417: require('cmp.view.custom_entries_view')
125.785  000.177  000.177: require('cmp.view.wildmenu_entries_view')
125.919  000.134  000.134: require('cmp.view.native_entries_view')
126.370  000.450  000.450: require('cmp.view.ghost_text_view')
126.376  002.591  000.178: require('cmp.view')
126.656  005.804  000.487: require('cmp.core')
126.846  000.096  000.096: require('cmp.config.sources')
126.930  000.083  000.083: require('cmp.config.window')
126.959  006.394  000.410: require('cmp')
127.878  000.102  000.102: require('cmp_buffer.timer')
127.933  000.687  000.585: require('cmp_buffer.buffer')
127.936  000.810  000.123: require('cmp_buffer.source')
127.937  000.977  000.167: require('cmp_buffer')
127.949  007.591  000.220: sourcing /Users/HS/.local/share/nvim/site/pack/packer/start/cmp-buffer/after/plugin/cmp_buffer.lua
128.110  000.071  000.071: sourcing /Users/HS/.local/share/nvim/site/pack/packer/start/cmp-nvim-lsp/after/plugin/cmp_nvim_lsp.lua
128.621  000.281  000.281: require('cmp_luasnip')
128.638  000.441  000.159: sourcing /Users/HS/.local/share/nvim/site/pack/packer/start/cmp_luasnip/after/plugin/cmp_luasnip.lua
129.449  000.099  000.099: require('nvim-autopairs._log')
129.551  000.100  000.100: require('nvim-autopairs.utils')
129.813  000.096  000.096: require('nvim-autopairs.conds')
129.818  000.180  000.083: require('nvim-autopairs.rule')
129.819  000.268  000.088: require('nvim-autopairs.rules.basic')
129.827  000.687  000.219: require('nvim-autopairs')
130.093  001.117  000.430: sourcing /Users/HS/.config/nvim/after/plugin/autopairs.rc.lua
130.545  000.096  000.096: require('bufferline.lazy')
130.644  000.094  000.094: require('bufferline.commands')
130.845  000.198  000.198: require('bufferline.config')
130.848  000.495  000.106: require('bufferline')
130.959  000.109  000.109: require('bufferline.utils')
131.147  000.186  000.186: require('vim.version')
132.075  000.248  000.248: require('bufferline.groups')
132.194  000.098  000.098: require('bufferline.constants')
132.304  000.106  000.106: require('bufferline.colors')
132.696  000.146  000.146: require('bufferline.highlights')
133.760  000.694  000.694: require('bufferline.hover')
134.298  000.488  000.488: require('bufferline.ui')
134.334  004.203  001.633: sourcing /Users/HS/.config/nvim/after/plugin/bufferline.rc.lua
134.841  000.282  000.282: require('lspkind')
135.613  000.183  000.183: require('luasnip.session.enqueueable_operations')
135.886  000.272  000.272: require('luasnip.util.jsonc')
136.383  000.068  000.068: require('luasnip.util.events')
136.390  000.156  000.088: require('luasnip.nodes.node')
136.676  000.285  000.285: require('luasnip.nodes.insertNode')
136.749  000.073  000.073: require('luasnip.nodes.textNode')
136.821  000.071  000.071: require('luasnip.util.mark')
136.892  000.070  000.070: require('luasnip.util.pattern_tokenizer')
136.965  000.072  000.072: require('luasnip.util.dict')
137.388  000.347  000.347: require('luasnip.util.jsregexp')
137.390  000.423  000.076: require('luasnip.nodes.util.trig_engines')
137.407  001.359  000.209: require('luasnip.nodes.snippet')
137.409  001.431  000.072: require('luasnip.nodes.duplicate')
137.410  001.523  000.092: require('luasnip.loaders.snippet_cache')
137.413  002.572  000.594: require('luasnip.loaders.from_vscode')
141.652  000.120  000.120: require('luasnip.util.parser.neovim_ast')
142.270  000.615  000.615: require('luasnip.util.str')
142.520  000.248  000.248: require('luasnip.util.jsregexp')
142.969  000.447  000.447: require('luasnip.util.directed_graph')
142.971  001.596  000.166: require('luasnip.util.parser.ast_utils')
143.093  000.120  000.120: require('luasnip.nodes.functionNode')
143.376  000.282  000.282: require('luasnip.nodes.choiceNode')
143.534  000.157  000.157: require('luasnip.nodes.dynamicNode')
143.909  000.374  000.374: require('luasnip.util.functions')
143.912  002.614  000.084: require('luasnip.util.parser.ast_parser')
144.023  000.111  000.111: require('luasnip.util.parser.neovim_parser')
144.026  002.807  000.082: require('luasnip.util.parser')
144.028  002.889  000.082: require('luasnip.nodes.snippetProxy')
144.098  000.069  000.069: require('luasnip.nodes.multiSnippet')
145.445  011.067  005.255: sourcing /Users/HS/.config/nvim/after/plugin/cmp.rc.lua
146.008  000.129  000.129: require('colorizer/nvim')
146.220  000.013  000.013: require('ffi')
146.264  000.255  000.243: require('colorizer/trie')
146.334  000.670  000.285: require('colorizer')
146.754  001.260  000.590: sourcing /Users/HS/.config/nvim/after/plugin/colorizer.rc.lua
147.148  000.196  000.196: require('Comment')
147.251  000.458  000.262: sourcing /Users/HS/.config/nvim/after/plugin/comment.rc.lua
147.379  000.088  000.088: sourcing /Users/HS/.config/nvim/after/plugin/flit.rc.lua
148.913  000.476  000.476: require('nvim-web-devicons.icons-default')
148.955  000.808  000.332: require('nvim-web-devicons')
148.964  001.030  000.222: require('fzf-lua.utils')
148.967  001.187  000.157: require('fzf-lua.path')
149.729  000.232  000.232: require('fzf-lua.actions')
150.125  000.074  000.074: require('fzf-lua.previewer')
150.172  000.439  000.365: require('fzf-lua.defaults')
150.177  001.209  000.538: require('fzf-lua.config')
150.621  000.248  000.248: require('fzf-lua.win')
150.986  000.156  000.156: require('fzf-lua.fzf')
151.472  000.485  000.485: require('fzf-lua.libuv')
151.566  000.093  000.093: require('fzf-lua.shell')
154.368  002.801  002.801: require('fzf-lua.make_entry')
154.378  003.755  000.220: require('fzf-lua.core')
154.388  006.879  000.479: require('fzf-lua')
154.423  007.009  000.130: sourcing /Users/HS/.config/nvim/after/plugin/fzf-lua.lua
154.548  000.081  000.081: sourcing /Users/HS/.config/nvim/after/plugin/fzf.rc.lua
154.815  000.178  000.178: require('git')
154.959  000.142  000.142: require('git.config')
155.013  000.428  000.108: sourcing /Users/HS/.config/nvim/after/plugin/git.rc.lua
155.459  000.094  000.094: require('gitsigns.async')
155.722  000.262  000.262: require('gitsigns.config')
155.924  000.201  000.201: require('gitsigns.debug.log')
155.927  000.821  000.264: require('gitsigns')
156.017  000.965  000.145: sourcing /Users/HS/.config/nvim/after/plugin/gitsigns.rc.lua
156.102  000.048  000.048: sourcing /Users/HS/.config/nvim/after/plugin/goyo.rc.lua
156.266  000.128  000.128: sourcing /Users/HS/.config/nvim/after/plugin/impulse.rc.lua
156.430  000.127  000.127: sourcing /Users/HS/.config/nvim/after/plugin/leap.rc.lua
156.582  000.115  000.115: sourcing /Users/HS/.config/nvim/after/plugin/lsp-colors.rc.lua
156.735  000.117  000.117: sourcing /Users/HS/.config/nvim/after/plugin/lsp-installer.lua
156.881  000.108  000.108: sourcing /Users/HS/.config/nvim/after/plugin/lspkind.rc.lua
157.379  000.196  000.196: require('lualine_require')
157.965  000.998  000.802: require('lualine')
161.590  000.122  000.122: require('lualine.utils.mode')
163.549  006.630  005.510: sourcing /Users/HS/.config/nvim/after/plugin/lualine.rc.lua
163.739  000.146  000.146: sourcing /Users/HS/.config/nvim/after/plugin/neosolarized.rc.lua
163.830  000.050  000.050: sourcing /Users/HS/.config/nvim/after/plugin/nvim-surround.rc.lua
164.737  000.078  000.078: require('nvim-tree.notify')
164.741  000.165  000.087: require('nvim-tree.events')
165.062  000.158  000.158: require('nvim-tree.log')
165.428  000.177  000.177: require('nvim-tree.iterators.node-iterator')
165.438  000.374  000.197: require('nvim-tree.utils')
165.564  000.125  000.125: require('nvim-tree.git.utils')
166.042  000.478  000.478: require('nvim-tree.git.runner')
166.157  000.113  000.113: require('nvim-tree.watcher')
166.237  000.075  000.075: require('nvim-tree.explorer.node')
166.241  001.426  000.102: require('nvim-tree.git')
166.319  000.077  000.077: require('nvim-tree.explorer.watch')
166.468  000.077  000.077: require('nvim-tree.explorer.node-builders')
166.697  000.228  000.228: require('nvim-tree.explorer.sorters')
167.190  000.227  000.227: require('nvim-tree.marks')
167.195  000.497  000.271: require('nvim-tree.explorer.filters')
168.269  000.521  000.521: require('nvim-tree.view')
168.275  001.079  000.558: require('nvim-tree.live-filter')
168.280  001.960  000.079: require('nvim-tree.explorer.explore')
168.444  000.163  000.163: require('nvim-tree.explorer.reload')
168.461  003.719  000.093: require('nvim-tree.explorer')
168.462  003.966  000.081: require('nvim-tree.core')
168.715  000.252  000.252: require('nvim-tree.renderer.components.padding')
168.943  000.227  000.227: require('nvim-tree.renderer.components.icons')
169.210  000.267  000.267: require('nvim-tree.renderer.components.full-name')
170.328  000.314  000.314: require('nvim-tree.enum')
170.511  000.182  000.182: require('nvim-tree.renderer.decorator')
170.565  001.109  000.612: require('nvim-tree.renderer.decorator.bookmarks')
170.994  000.427  000.427: require('nvim-tree.renderer.decorator.copied')
171.129  000.132  000.132: require('nvim-tree.renderer.decorator.cut')
171.510  000.136  000.136: require('nvim-tree.diagnostics')
171.528  000.394  000.259: require('nvim-tree.renderer.decorator.diagnostics')
171.632  000.103  000.103: require('nvim-tree.renderer.decorator.git')
171.766  000.066  000.066: require('nvim-tree.buffers')
171.768  000.134  000.069: require('nvim-tree.renderer.decorator.modified')
171.834  000.066  000.066: require('nvim-tree.renderer.decorator.opened')
171.838  002.627  000.261: require('nvim-tree.renderer.builder')
171.842  007.444  000.106: require('nvim-tree.renderer')
171.845  007.575  000.131: require('nvim-tree.lib')
171.919  000.074  000.074: require('nvim-tree.appearance')
172.316  000.063  000.063: require('nvim-tree.actions.finders.find-file')
172.441  000.124  000.124: require('nvim-tree.actions.finders.search-node')
172.442  000.311  000.124: require('nvim-tree.actions.finders')
172.829  000.065  000.065: require('nvim-tree.actions.reloaders')
172.832  000.327  000.262: require('nvim-tree.actions.fs.copy-paste')
172.898  000.065  000.065: require('nvim-tree.actions.fs.create-file')
172.973  000.074  000.074: require('nvim-tree.actions.fs.remove-file')
173.043  000.069  000.069: require('nvim-tree.actions.fs.rename-file')
173.113  000.069  000.069: require('nvim-tree.actions.fs.trash')
173.114  000.671  000.067: require('nvim-tree.actions.fs')
173.243  000.064  000.064: require('nvim-tree.actions.moves.item')
173.309  000.065  000.065: require('nvim-tree.actions.moves.parent')
173.370  000.060  000.060: require('nvim-tree.actions.moves.sibling')
173.371  000.257  000.068: require('nvim-tree.actions.moves')
173.507  000.068  000.068: require('nvim-tree.actions.node.file-popup')
173.671  000.163  000.163: require('nvim-tree.actions.node.open-file')
173.763  000.091  000.091: require('nvim-tree.actions.node.run-command')
173.830  000.066  000.066: require('nvim-tree.actions.node.system-open')
173.831  000.459  000.071: require('nvim-tree.actions.node')
173.976  000.083  000.083: require('nvim-tree.actions.root.change-dir')
174.077  000.100  000.100: require('nvim-tree.actions.root.dir-up')
174.078  000.246  000.063: require('nvim-tree.actions.root')
174.718  000.485  000.485: require('nvim-tree.actions.tree.find-file')
174.880  000.075  000.075: require('nvim-tree.actions.tree.modifiers.collapse-all')
174.953  000.072  000.072: require('nvim-tree.actions.tree.modifiers.expand-all')
175.028  000.074  000.074: require('nvim-tree.actions.tree.modifiers.toggles')
175.029  000.310  000.090: require('nvim-tree.actions.tree.modifiers')
175.099  000.069  000.069: require('nvim-tree.actions.tree.open')
175.163  000.062  000.062: require('nvim-tree.actions.tree.toggle')
175.164  001.085  000.158: require('nvim-tree.actions.tree')
175.165  003.097  000.068: require('nvim-tree.actions')
175.307  000.075  000.075: require('nvim-tree.keymap')
175.310  000.144  000.069: require('nvim-tree.help')
175.382  000.072  000.072: require('nvim-tree.marks.navigation')
175.452  000.069  000.069: require('nvim-tree.marks.bulk-delete')
175.520  000.067  000.067: require('nvim-tree.marks.bulk-trash')
175.588  000.068  000.068: require('nvim-tree.marks.bulk-move')
175.614  003.622  000.105: require('nvim-tree.api')
175.617  003.697  000.074: require('nvim-tree.commands')
175.686  000.068  000.068: require('nvim-tree.legacy')
175.719  011.785  000.372: require('nvim-tree')
176.246  012.378  000.593: sourcing /Users/HS/.config/nvim/after/plugin/nvim-tree.rc.lua
176.475  000.182  000.182: sourcing /Users/HS/.config/nvim/after/plugin/prettier.rc.lua
176.883  000.368  000.368: sourcing /Users/HS/.config/nvim/after/plugin/tailwindcss-colors.rc.lua
177.482  000.163  000.163: require('telescope._extensions')
177.484  000.424  000.261: require('telescope')
178.717  000.119  000.119: require('plenary.bit')
178.781  000.063  000.063: require('plenary.functional')
178.841  000.753  000.571: require('plenary.path')
178.850  000.869  000.115: require('plenary.strings')
178.944  000.093  000.093: require('telescope.deprecated')
179.276  000.100  000.100: require('plenary.log')
179.286  000.177  000.077: require('telescope.log')
179.721  000.169  000.169: require('plenary.job')
179.792  000.070  000.070: require('telescope.state')
179.796  000.509  000.270: require('telescope.utils')
179.799  000.854  000.167: require('telescope.sorters')
180.708  002.917  001.101: require('telescope.config')
180.979  000.074  000.074: require('plenary.window.border')
181.043  000.063  000.063: require('plenary.window')
181.103  000.059  000.059: require('plenary.popup.utils')
181.104  000.394  000.198: require('plenary.popup')
181.288  000.183  000.183: require('telescope.pickers.scroller')
181.356  000.067  000.067: require('telescope.actions.state')
181.424  000.068  000.068: require('telescope.actions.utils')
181.569  000.073  000.073: require('telescope.actions.mt')
181.576  000.150  000.078: require('telescope.actions.set')
181.713  000.070  000.070: require('telescope.config.resolve')
181.714  000.137  000.068: require('telescope.pickers.entry_display')
181.782  000.068  000.068: require('telescope.from_entry')
181.862  004.377  000.393: require('telescope.actions')
181.959  000.097  000.097: require('telescope.builtin')
182.416  000.182  000.182: require('telescope._extensions.file_browser.utils')
183.540  001.122  001.122: require('plenary.scandir')
184.004  000.062  000.062: require('plenary.tbl')
184.005  000.126  000.064: require('plenary.vararg.rotate')
184.006  000.205  000.080: require('plenary.vararg')
184.069  000.062  000.062: require('plenary.errors')
184.071  000.348  000.080: require('plenary.async.async')
184.427  000.120  000.120: require('plenary.async.structs')
184.430  000.231  000.111: require('plenary.async.control')
184.433  000.299  000.068: require('plenary.async.util')
184.434  000.362  000.063: require('plenary.async.tests')
184.435  000.893  000.184: require('plenary.async')
184.450  002.424  000.227: require('telescope._extensions.file_browser.actions')
185.456  000.385  000.385: require('telescope._extensions.file_browser.git')
185.542  000.084  000.084: require('telescope._extensions.file_browser.fs_stat')
185.544  000.606  000.137: require('telescope._extensions.file_browser.make_entry')
185.762  000.062  000.062: require('plenary.class')
185.781  000.158  000.096: require('telescope._')
185.995  000.213  000.213: require('telescope.make_entry')
185.996  000.451  000.080: require('telescope.finders.async_oneshot_finder')
186.225  000.151  000.151: require('telescope.finders.async_static_finder')
186.338  000.112  000.112: require('telescope.finders.async_job_finder')
186.340  000.343  000.080: require('telescope.finders')
186.400  001.949  000.548: require('telescope._extensions.file_browser.finders')
187.131  000.086  000.086: require('telescope.debounce')
187.230  000.098  000.098: require('telescope.mappings')
187.304  000.073  000.073: require('telescope.pickers.highlights')
187.378  000.073  000.073: require('telescope.pickers.window')
187.519  000.069  000.069: require('telescope.algos.linked_list')
187.521  000.142  000.073: require('telescope.entry_manager')
187.591  000.070  000.070: require('telescope.pickers.multi')
187.599  000.798  000.257: require('telescope.pickers')
187.600  001.199  000.401: require('telescope._extensions.file_browser.picker')
187.671  000.070  000.070: require('telescope._extensions.file_browser.config')
187.673  005.712  000.070: require('telescope._extensions.file_browser')
188.757  000.302  000.302: require('fzf_lib')
188.760  000.391  000.089: require('telescope._extensions.fzf')
188.764  011.842  000.841: sourcing /Users/HS/.config/nvim/after/plugin/telescope.rc.lua
189.056  000.243  000.243: sourcing /Users/HS/.config/nvim/after/plugin/toggleterm.rc.lua
191.794  000.222  000.222: require('nvim-treesitter.indent')
191.965  000.150  000.150: require('nvim-treesitter.highlight')
192.122  000.076  000.076: require('ts_context_commentstring')
192.201  000.079  000.079: require('ts_context_commentstring.config')
192.207  003.110  002.583: sourcing /Users/HS/.config/nvim/after/plugin/treesitter.rc.lua
192.388  000.137  000.137: sourcing /Users/HS/.config/nvim/after/plugin/ts-autotag.rc.lua
192.540  000.111  000.111: sourcing /Users/HS/.config/nvim/after/plugin/vim-browser-search.rc.lua
193.044  000.464  000.464: sourcing /Users/HS/.config/nvim/after/plugin/web-devicons.rc.lua
194.134  000.200  000.200: require('zen-mode.util')
194.152  000.716  000.516: require('zen-mode.config')
194.226  000.072  000.072: require('zen-mode.plugins')
194.229  000.924  000.136: require('zen-mode.view')
194.230  001.074  000.149: require('zen-mode')
194.258  001.156  000.082: sourcing /Users/HS/.config/nvim/after/plugin/zen-mode.rc.lua
194.261  002.221: loading after plugins
194.268  000.007: inits 3
198.255  003.987: reading ShaDa
198.594  000.221  000.221: require('luasnip.loaders.from_lua')
198.781  000.185  000.185: require('luasnip.loaders.from_snipmate')
198.923  000.263: opening buffers
199.066  000.081  000.081: require('bufferline.state')
199.118  000.114: BufEnter autocommands
199.119  000.001: editing files in windows
199.204  000.085: VimEnter autocommands
199.205  000.001: UIEnter autocommands
199.206  000.001: before starting main loop
14232.370  14033.165: first screen update
14232.400  000.030: --- NVIM STARTED ---


times in msec
 clock   self+sourced   self:  sourced script
 clock   elapsed:              other lines

000.025  000.025: --- NVIM STARTING ---
000.798  000.774: event init
001.117  000.319: early init
001.879  000.762: locale set
001.979  000.100: init first window
022.815  020.836: inits 1
022.833  000.018: window checked
022.836  000.003: parsing arguments
024.270  000.043  000.043: require('vim.shared')
024.358  000.033  000.033: require('vim._options')
024.360  000.088  000.055: require('vim._editor')
024.362  000.181  000.050: require('vim._init_packages')
024.363  001.347: init lua interpreter
024.694  000.330: expanding arguments
024.718  000.024: inits 2
024.988  000.270: init highlight


times in msec
 clock   self+sourced   self:  sourced script
 clock   elapsed:              other lines

000.004  000.004: --- NVIM STARTING ---
000.071  000.067: event init
000.164  000.093: early init
000.495  000.331: locale set
000.533  000.038: init first window
000.800  000.267: inits 1
000.816  000.015: window checked
000.817  000.002: parsing arguments
001.193  000.051  000.051: require('vim.shared')
001.290  000.031  000.031: require('vim._options')
001.292  000.096  000.064: require('vim._editor')
001.293  000.188  000.041: require('vim._init_packages')
001.294  000.289: init lua interpreter
002.739  001.445: expanding arguments
002.757  000.018: inits 2
003.018  000.261: init highlight
003.019  000.001: waiting for UI
003.199  000.180: done waiting for UI
003.204  000.005: clear screen
003.367  000.164: init default mappings & autocommands
006.131  000.239  000.239: sourcing /opt/homebrew/Cellar/neovim/0.9.4/share/nvim/runtime/ftplugin.vim
006.583  000.163  000.163: sourcing /opt/homebrew/Cellar/neovim/0.9.4/share/nvim/runtime/indent.vim
006.906  000.035  000.035: require('vim.loader')
007.032  000.025  000.025: require('vim.fs')
009.843  000.218  000.218: require('packer.util')
009.865  001.904  001.686: require('packer')
010.565  000.269  000.269: require('packer.log')
011.595  000.153  000.153: require('packer.async')
011.855  000.125  000.125: require('packer.result')
011.858  000.262  000.136: require('packer.jobs')
011.864  001.288  000.874: require('packer.plugin_utils')
012.010  000.136  000.136: require('packer.snapshot')
012.227  005.305  001.682: require('plugins')
012.559  000.012  000.012: require('vim.keymap')
013.053  000.825  000.813: require('maps')
014.074  000.782  000.782: require('vim.filetype')
017.132  000.500  000.500: require('solarized-osaka.treesitter')
017.138  000.744  000.244: require('solarized-osaka.util')
018.097  000.145  000.145: require('solarized-osaka.hsl')
018.249  000.578  000.432: require('solarized-osaka.colors')
018.250  001.111  000.534: require('solarized-osaka.theme')
018.535  000.284  000.284: require('solarized-osaka.config')
018.537  002.491  000.351: require('solarized-osaka')
019.508  000.003  000.003: require('vim.F')
019.535  000.826  000.822: require('vim.diagnostic')
020.375  000.177  000.177: require('vim.treesitter.language')
020.381  000.398  000.221: require('vim.treesitter.query')
020.541  000.159  000.159: require('vim.treesitter._range')
020.545  000.799  000.242: require('vim.treesitter.languagetree')
020.551  001.009  000.210: require('vim.treesitter')
020.882  000.330  000.330: require('vim.treesitter.highlighter')
021.563  005.767  001.111: sourcing /Users/HS/.local/share/nvim/site/pack/packer/start/solarized-osaka.nvim/colors/solarized-osaka.lua
021.743  008.689  002.139: require('base')
022.047  015.320  000.468: sourcing /Users/HS/.config/nvim/init.lua
022.052  002.962: sourcing vimrc file(s)
023.008  000.143  000.143: sourcing /Users/HS/.local/share/nvim/site/pack/packer/start/vim-crystal/ftdetect/crystal.vim
023.168  000.115  000.115: sourcing /Users/HS/.local/share/nvim/site/pack/packer/start/vim-crystal/ftdetect/ecrystal.vim
023.339  000.089  000.089: sourcing /Users/HS/.local/share/nvim/site/pack/packer/start/vim-fugitive/ftdetect/fugitive.vim
023.550  000.129  000.129: sourcing /Users/HS/.local/share/nvim/site/pack/packer/start/vim-go/ftdetect/gofiletype.vim
023.748  000.107  000.107: sourcing /Users/HS/.local/share/nvim/site/pack/packer/start/vim-javascript/ftdetect/flow.vim
023.898  000.108  000.108: sourcing /Users/HS/.local/share/nvim/site/pack/packer/start/vim-javascript/ftdetect/javascript.vim
024.194  000.218  000.218: sourcing /Users/HS/.local/share/nvim/site/pack/packer/start/vim-pug/ftdetect/pug.vim
024.358  000.094  000.094: sourcing /Users/HS/.local/share/nvim/site/pack/packer/start/vim-razor/ftdetect/razor.vim
024.550  000.107  000.107: sourcing /Users/HS/.local/share/nvim/site/pack/packer/start/vim-svelte/ftdetect/svelte.vim
024.928  002.516  001.407: sourcing /opt/homebrew/Cellar/neovim/0.9.4/share/nvim/runtime/filetype.lua
025.838  000.182  000.182: sourcing /opt/homebrew/Cellar/neovim/0.9.4/share/nvim/runtime/syntax/synload.vim
025.890  000.623  000.441: sourcing /opt/homebrew/Cellar/neovim/0.9.4/share/nvim/runtime/syntax/syntax.vim
027.775  000.229  000.229: sourcing /opt/homebrew/Cellar/neovim/0.9.4/share/nvim/runtime/plugin/gzip.vim
027.955  000.140  000.140: sourcing /opt/homebrew/Cellar/neovim/0.9.4/share/nvim/runtime/plugin/health.vim
028.935  000.235  000.235: sourcing /opt/homebrew/Cellar/neovim/0.9.4/share/nvim/runtime/pack/dist/opt/matchit/plugin/matchit.vim
029.048  001.054  000.819: sourcing /opt/homebrew/Cellar/neovim/0.9.4/share/nvim/runtime/plugin/matchit.vim
029.200  000.113  000.113: sourcing /opt/homebrew/Cellar/neovim/0.9.4/share/nvim/runtime/plugin/matchparen.vim
029.273  000.033  000.033: sourcing /opt/homebrew/Cellar/neovim/0.9.4/share/nvim/runtime/plugin/netrwPlugin.vim
029.756  000.256  000.256: sourcing /Users/HS/.local/share/nvim/rplugin.vim
029.760  000.446  000.191: sourcing /opt/homebrew/Cellar/neovim/0.9.4/share/nvim/runtime/plugin/rplugin.vim
029.860  000.059  000.059: sourcing /opt/homebrew/Cellar/neovim/0.9.4/share/nvim/runtime/plugin/shada.vim
029.933  000.029  000.029: sourcing /opt/homebrew/Cellar/neovim/0.9.4/share/nvim/runtime/plugin/spellfile.vim
030.058  000.083  000.083: sourcing /opt/homebrew/Cellar/neovim/0.9.4/share/nvim/runtime/plugin/tarPlugin.vim
030.188  000.090  000.090: sourcing /opt/homebrew/Cellar/neovim/0.9.4/share/nvim/runtime/plugin/tohtml.vim
030.253  000.026  000.026: sourcing /opt/homebrew/Cellar/neovim/0.9.4/share/nvim/runtime/plugin/tutor.vim
030.429  000.137  000.137: sourcing /opt/homebrew/Cellar/neovim/0.9.4/share/nvim/runtime/plugin/zipPlugin.vim
031.120  000.130  000.130: require('mason-core.path')
032.011  000.144  000.144: require('mason-core.functional')
032.323  000.151  000.151: require('mason-core.functional.data')
032.332  000.306  000.155: require('mason-core.functional.function')
032.818  000.478  000.478: require('mason-core.functional.relation')
032.925  000.102  000.102: require('mason-core.functional.logic')
032.935  001.814  000.783: require('mason-core.platform')
033.027  000.091  000.091: require('mason.settings')
033.029  002.245  000.210: require('mason')
033.251  000.126  000.126: require('mason-core.log')
033.341  000.089  000.089: require('mason-lspconfig.settings')
033.344  000.315  000.100: require('mason-lspconfig')
033.600  000.107  000.107: require('mason-core.functional.list')
033.688  000.085  000.085: require('mason-core.functional.string')
033.703  000.306  000.113: require('mason.api.command')
033.797  000.090  000.090: require('mason-registry.sources')
033.991  000.079  000.079: require('mason-lspconfig.notify')
033.994  000.164  000.085: require('mason-lspconfig.lspconfig_hook')
035.185  000.181  000.181: require('vim.lsp.log')
035.843  000.657  000.657: require('vim.lsp.protocol')
036.273  000.206  000.206: require('vim.lsp._snippet')
036.351  000.076  000.076: require('vim.highlight')
036.359  000.514  000.232: require('vim.lsp.util')
036.372  001.773  000.421: require('vim.lsp.handlers')
036.585  000.212  000.212: require('vim.lsp.rpc')
036.709  000.122  000.122: require('vim.lsp.sync')
036.883  000.173  000.173: require('vim.lsp.semantic_tokens')
037.077  000.193  000.193: require('vim.lsp.buf')
037.233  000.154  000.154: require('vim.lsp.diagnostic')
037.355  000.121  000.121: require('vim.lsp.codelens')
037.394  003.193  000.444: require('vim.lsp')
037.432  003.438  000.245: require('lspconfig.util')
037.611  000.080  000.080: require('mason-core.functional.table')
037.635  000.201  000.122: require('mason-lspconfig.mappings.server')
037.794  000.075  000.075: require('mason-core.EventEmitter')
037.869  000.074  000.074: require('mason-core.optional')
038.053  000.094  000.094: require('mason-core.async')
038.143  000.089  000.089: require('mason-core.async.uv')
038.147  000.277  000.094: require('mason-core.fs')
038.158  000.522  000.097: require('mason-registry')
038.241  000.082  000.082: require('mason-lspconfig.server_config_extensions')
038.580  000.121  000.121: require('lspconfig.async')
038.582  000.312  000.191: require('lspconfig.configs')
038.811  000.229  000.229: require('lspconfig.server_configurations.omnisharp')
039.571  000.475  000.475: require('mason-core.functional.number')
039.582  000.627  000.152: require('mason-lspconfig.api.command')
039.583  008.966  000.435: sourcing /Users/HS/.config/nvim/plugin/0_mason.rc.lua
040.545  000.438  000.438: require('prettier.utils')
040.596  000.637  000.199: require('prettier.options')
040.767  000.080  000.080: require('prettier.cli')
040.769  000.172  000.092: require('prettier.null-ls')
040.770  000.973  000.163: require('prettier')
040.924  000.153  000.153: require('lspconfig')
041.163  000.074  000.074: require('cmp_nvim_lsp.source')
041.165  000.236  000.161: require('cmp_nvim_lsp')
041.254  000.087  000.087: require('lspconfig/util')
041.336  000.080  000.080: require('lspconfig.server_configurations.svelte')
043.657  000.122  000.122: require('lspconfig.manager')
043.754  000.093  000.093: require('lspconfig.server_configurations.gopls')
044.075  000.098  000.098: require('lspconfig.server_configurations.tailwindcss')
044.396  000.081  000.081: require('lspconfig.server_configurations.flow')
044.535  000.084  000.084: require('lspconfig.server_configurations.tsserver')
044.866  000.081  000.081: require('lspconfig.server_configurations.sourcekit')
045.028  000.084  000.084: require('lspconfig.server_configurations.lua_ls')
045.259  000.080  000.080: require('lspconfig.server_configurations.cssls')
045.467  000.077  000.077: require('lspconfig.server_configurations.astro')
045.684  000.074  000.074: require('mason-lspconfig.typescript')
045.685  000.150  000.076: require('mason-lspconfig.server_configurations.astro')
045.772  000.070  000.070: require('lspconfig.server_configurations.intelephense')
046.004  006.373  003.823: sourcing /Users/HS/.config/nvim/plugin/lspconfig.lua
046.303  000.262  000.262: sourcing /Users/HS/.config/nvim/plugin/lspsaga.rc.lua
046.793  000.454  000.454: sourcing /Users/HS/.config/nvim/plugin/packer_compiled.lua
047.439  000.177  000.177: sourcing /opt/homebrew/Cellar/neovim/0.9.4/share/nvim/runtime/plugin/editorconfig.lua
047.583  000.100  000.100: sourcing /opt/homebrew/Cellar/neovim/0.9.4/share/nvim/runtime/plugin/man.lua
047.776  000.155  000.155: sourcing /opt/homebrew/Cellar/neovim/0.9.4/share/nvim/runtime/plugin/nvim.lua
047.797  003.681: loading rtp plugins
048.116  000.103  000.103: sourcing /Users/HS/.config/nvim/pack/plenary/start/plenary.nvim/plugin/plenary.vim
049.197  000.117  000.117: require('Comment.config')
049.598  000.284  000.284: require('Comment.ft')
049.610  000.412  000.128: require('Comment.utils')
049.765  000.155  000.155: require('Comment.opfunc')
049.892  000.126  000.126: require('Comment.extra')
049.895  000.897  000.086: require('Comment.api')
049.964  001.042  000.146: sourcing /Users/HS/.local/share/nvim/site/pack/packer/start/Comment.nvim/plugin/Comment.lua
050.312  000.174  000.174: sourcing /Users/HS/.local/share/nvim/site/pack/packer/start/fzf-lua/plugin/fzf-lua.vim
051.027  000.539  000.539: sourcing /Users/HS/.local/share/nvim/site/pack/packer/start/fzf.vim/plugin/fzf.vim
051.491  000.142  000.142: sourcing /Users/HS/.local/share/nvim/site/pack/packer/start/limelight.vim/plugin/limelight.vim
051.931  000.147  000.147: sourcing /Users/HS/.local/share/nvim/site/pack/packer/start/LuaSnip/plugin/luasnip.vim
052.554  000.150  000.150: require('luasnip.util.types')
052.556  000.233  000.083: require('luasnip.util.ext_opts')
053.222  000.088  000.088: require('luasnip.util.lazy_table')
053.297  000.073  000.073: require('luasnip.extras.filetype_functions')
053.304  000.574  000.413: require('luasnip.default_config')
053.306  000.749  000.175: require('luasnip.session')
053.307  001.063  000.082: require('luasnip.config')
053.665  000.167  000.167: require('luasnip.util.util')
053.884  000.083  000.083: require('luasnip.nodes.key_indexer')
053.887  000.222  000.139: require('luasnip.nodes.util')
054.074  000.085  000.085: require('luasnip.session.snippet_collection.source')
054.173  000.068  000.068: require('luasnip.util.table')
054.242  000.068  000.068: require('luasnip.util.auto_table')
054.245  000.357  000.135: require('luasnip.session.snippet_collection')
054.439  000.062  000.062: require('luasnip.util.select')
054.503  000.063  000.063: require('luasnip.util.time')
054.672  000.362  000.237: require('luasnip.util._builtin_vars')
054.691  000.018  000.018: require('vim.inspect')
054.734  000.489  000.109: require('luasnip.util.environ')
054.803  000.068  000.068: require('luasnip.util.extend_decorator')
054.960  000.090  000.090: require('luasnip.util.path')
055.117  000.091  000.091: require('luasnip.util.log')
055.120  000.160  000.069: require('luasnip.loaders.util')
055.181  000.060  000.060: require('luasnip.loaders.data')
055.263  000.081  000.081: require('luasnip.loaders.fs_watchers')
055.265  000.461  000.070: require('luasnip.loaders')
055.274  001.963  000.201: require('luasnip')
055.284  003.233  000.207: sourcing /Users/HS/.local/share/nvim/site/pack/packer/start/LuaSnip/plugin/luasnip.lua
055.617  000.202  000.202: sourcing /Users/HS/.local/share/nvim/site/pack/packer/start/markdown-preview.nvim/plugin/mkdp.vim
056.405  000.157  000.157: require('cmp.utils.api')
056.687  000.118  000.118: require('cmp.types.cmp')
057.237  000.166  000.166: require('cmp.utils.misc')
057.245  000.558  000.392: require('cmp.types.lsp')
057.310  000.064  000.064: require('cmp.types.vim')
057.311  000.905  000.166: require('cmp.types')
057.459  000.148  000.148: require('cmp.utils.highlight')
057.762  000.157  000.157: require('cmp.utils.debug')
057.767  000.307  000.150: require('cmp.utils.autocmd')
057.896  001.802  000.285: sourcing /Users/HS/.local/share/nvim/site/pack/packer/start/nvim-cmp/plugin/cmp.lua
058.176  000.150  000.150: sourcing /Users/HS/.local/share/nvim/site/pack/packer/start/nvim-colorizer.lua/plugin/colorizer.vim
058.523  000.112  000.112: sourcing /Users/HS/.local/share/nvim/site/pack/packer/start/nvim-lspconfig/plugin/lspconfig.lua
059.836  000.080  000.080: require('nvim-treesitter.utils')
060.355  000.518  000.518: require('nvim-treesitter.parsers')
061.296  000.553  000.553: require('nvim-treesitter.compat')
061.576  000.177  000.177: require('nvim-treesitter.ts_utils')
061.579  000.281  000.104: require('nvim-treesitter.tsrange')
061.652  000.072  000.072: require('nvim-treesitter.caching')
061.657  001.028  000.122: require('nvim-treesitter.query')
061.664  001.209  000.181: require('nvim-treesitter.configs')
061.666  001.310  000.101: require('nvim-treesitter.info')
061.834  000.167  000.167: require('nvim-treesitter.shell_command_selectors')
061.845  002.780  000.706: require('nvim-treesitter.install')
061.982  000.136  000.136: require('nvim-treesitter.statusline')
062.542  000.559  000.559: require('nvim-treesitter.query_predicates')
062.544  003.624  000.148: require('nvim-treesitter')
062.726  003.974  000.350: sourcing /Users/HS/.local/share/nvim/site/pack/packer/start/nvim-treesitter/plugin/nvim-treesitter.lua
063.511  000.143  000.143: require('nvim-ts-autotag._log')
063.629  000.118  000.118: require('nvim-ts-autotag.utils')
063.639  000.458  000.197: require('nvim-ts-autotag.internal')
063.640  000.620  000.162: require('nvim-ts-autotag')
063.664  000.785  000.165: sourcing /Users/HS/.local/share/nvim/site/pack/packer/start/nvim-ts-autotag/plugin/nvim-ts-autotag.vim
064.097  000.155  000.155: sourcing /Users/HS/.local/share/nvim/site/pack/packer/start/nvim-ts-context-commentstring/plugin/ts_context_commentstring.lua
064.345  000.121  000.121: sourcing /Users/HS/.local/share/nvim/site/pack/packer/start/nvim-web-devicons/plugin/nvim-web-devicons.vim
064.734  000.156  000.156: sourcing /Users/HS/.local/share/nvim/site/pack/packer/start/plenary.nvim/plugin/plenary.vim
065.032  000.116  000.116: sourcing /Users/HS/.local/share/nvim/site/pack/packer/start/prettier.nvim/plugin/prettier.vim
065.659  000.231  000.231: sourcing /Users/HS/.local/share/nvim/site/pack/packer/start/telescope.nvim/plugin/telescope.lua
066.172  000.279  000.279: sourcing /Users/HS/.local/share/nvim/site/pack/packer/start/undotree/plugin/undotree.vim
067.289  000.364  000.364: sourcing /Users/HS/.local/share/nvim/site/pack/packer/start/unite.vim/autoload/unite/custom.vim
067.338  000.766  000.402: sourcing /Users/HS/.local/share/nvim/site/pack/packer/start/unite.vim/plugin/unite/bookmark.vim
067.504  000.120  000.120: sourcing /Users/HS/.local/share/nvim/site/pack/packer/start/unite.vim/plugin/unite/buffer.vim
067.670  000.123  000.123: sourcing /Users/HS/.local/share/nvim/site/pack/packer/start/unite.vim/plugin/unite/window.vim
068.075  000.359  000.359: sourcing /Users/HS/.local/share/nvim/site/pack/packer/start/unite.vim/plugin/unite.vim
068.615  000.209  000.209: sourcing /Users/HS/.local/share/nvim/site/pack/packer/start/vim-commentary/plugin/commentary.vim
068.913  000.110  000.110: sourcing /Users/HS/.local/share/nvim/site/pack/packer/start/vim-crystal/plugin/crystal.vim
069.377  000.277  000.277: sourcing /Users/HS/.local/share/nvim/site/pack/packer/start/vim-endwise/plugin/endwise.vim
070.392  000.828  000.828: sourcing /Users/HS/.local/share/nvim/site/pack/packer/start/vim-fugitive/plugin/fugitive.vim
071.627  000.624  000.624: sourcing /Users/HS/.local/share/nvim/site/pack/packer/start/vim-go/autoload/go/config.vim
072.372  000.479  000.479: sourcing /Users/HS/.local/share/nvim/site/pack/packer/start/vim-go/autoload/go/util.vim
072.400  001.758  000.656: sourcing /Users/HS/.local/share/nvim/site/pack/packer/start/vim-go/plugin/go.vim
072.851  000.253  000.253: sourcing /Users/HS/.local/share/nvim/site/pack/packer/start/vim-iawriter/plugin/vim_iawriter.vim
073.571  000.272  000.272: sourcing /Users/HS/.local/share/nvim/site/pack/packer/start/vim-startuptime/plugin/startuptime.vim
074.594  000.300  000.300: sourcing /Users/HS/.local/share/nvim/site/pack/packer/start/vim-visual-multi/autoload/vm/plugs.vim
075.118  000.233  000.233: sourcing /Users/HS/.local/share/nvim/site/pack/packer/start/vim-visual-multi/autoload/vm/maps.vim
075.549  000.239  000.239: sourcing /Users/HS/.local/share/nvim/site/pack/packer/start/vim-visual-multi/autoload/vm/maps/all.vim
076.068  002.127  001.355: sourcing /Users/HS/.local/share/nvim/site/pack/packer/start/vim-visual-multi/plugin/visual-multi.vim
076.424  000.136  000.136: sourcing /Users/HS/.local/share/nvim/site/pack/packer/start/zen-mode.nvim/plugin/zen-mode.vim
076.780  000.167  000.167: sourcing /Users/HS/.local/share/nvim/site/pack/packer/start/zoxide.vim/plugin/zoxide.vim
076.948  008.179: loading packages
078.435  000.224  000.224: require('cmp.utils.char')
078.439  000.381  000.157: require('cmp.utils.str')
079.040  000.091  000.091: require('cmp.utils.buffer')
079.044  000.214  000.123: require('cmp.utils.keymap')
079.047  000.606  000.392: require('cmp.utils.feedkeys')
079.335  000.099  000.099: require('cmp.config.mapping')
079.495  000.159  000.159: require('cmp.utils.cache')
080.187  000.559  000.559: require('cmp.config.compare')
080.188  000.692  000.133: require('cmp.config.default')
080.200  001.062  000.112: require('cmp.config')
080.210  001.162  000.100: require('cmp.utils.async')
080.385  000.079  000.079: require('cmp.utils.pattern')
080.387  000.177  000.097: require('cmp.context')
080.974  000.193  000.193: require('cmp.matcher')
080.980  000.405  000.211: require('cmp.entry')
080.985  000.597  000.192: require('cmp.source')
081.678  000.513  000.513: require('cmp.utils.event')
082.428  000.145  000.145: require('cmp.utils.options')
082.431  000.576  000.431: require('cmp.utils.window')
082.433  000.753  000.177: require('cmp.view.docs_view')
082.869  000.436  000.436: require('cmp.view.custom_entries_view')
083.073  000.203  000.203: require('cmp.view.wildmenu_entries_view')
083.223  000.149  000.149: require('cmp.view.native_entries_view')
083.645  000.421  000.421: require('cmp.view.ghost_text_view')
083.655  002.669  000.194: require('cmp.view')
083.948  006.121  000.528: require('cmp.core')
084.200  000.122  000.122: require('cmp.config.sources')
084.306  000.104  000.104: require('cmp.config.window')
084.379  006.809  000.462: require('cmp')
085.317  000.126  000.126: require('cmp_buffer.timer')
085.320  000.614  000.488: require('cmp_buffer.buffer')
085.322  000.760  000.145: require('cmp_buffer.source')
085.323  000.943  000.183: require('cmp_buffer')
085.352  007.991  000.239: sourcing /Users/HS/.local/share/nvim/site/pack/packer/start/cmp-buffer/after/plugin/cmp_buffer.lua
085.544  000.077  000.077: sourcing /Users/HS/.local/share/nvim/site/pack/packer/start/cmp-nvim-lsp/after/plugin/cmp_nvim_lsp.lua
085.998  000.208  000.208: require('cmp_luasnip')
086.039  000.395  000.187: sourcing /Users/HS/.local/share/nvim/site/pack/packer/start/cmp_luasnip/after/plugin/cmp_luasnip.lua
086.878  000.107  000.107: require('nvim-autopairs._log')
087.105  000.225  000.225: require('nvim-autopairs.utils')
087.663  000.252  000.252: require('nvim-autopairs.conds')
087.671  000.418  000.165: require('nvim-autopairs.rule')
087.672  000.567  000.149: require('nvim-autopairs.rules.basic')
087.700  001.155  000.256: require('nvim-autopairs')
088.049  001.652  000.497: sourcing /Users/HS/.config/nvim/after/plugin/autopairs.rc.lua
088.566  000.137  000.137: require('bufferline.lazy')
088.690  000.116  000.116: require('bufferline.commands')
088.840  000.147  000.147: require('bufferline.config')
088.842  000.578  000.178: require('bufferline')
088.965  000.121  000.121: require('bufferline.utils')
089.134  000.167  000.167: require('vim.version')
089.937  000.219  000.219: require('bufferline.groups')
090.013  000.067  000.067: require('bufferline.constants')
090.080  000.064  000.064: require('bufferline.colors')
090.288  000.078  000.078: require('bufferline.highlights')
091.069  000.480  000.480: require('bufferline.hover')
091.317  000.218  000.218: require('bufferline.ui')
091.339  003.251  001.258: sourcing /Users/HS/.config/nvim/after/plugin/bufferline.rc.lua
091.735  000.078  000.078: require('lspkind')
091.975  000.068  000.068: require('luasnip.session.enqueueable_operations')
092.159  000.183  000.183: require('luasnip.util.jsonc')
092.663  000.063  000.063: require('luasnip.util.events')
092.669  000.205  000.142: require('luasnip.nodes.node')
092.771  000.101  000.101: require('luasnip.nodes.insertNode')
092.841  000.069  000.069: require('luasnip.nodes.textNode')
092.905  000.063  000.063: require('luasnip.util.mark')
092.967  000.061  000.061: require('luasnip.util.pattern_tokenizer')
093.036  000.068  000.068: require('luasnip.util.dict')
093.398  000.296  000.296: require('luasnip.util.jsregexp')
093.399  000.362  000.066: require('luasnip.nodes.util.trig_engines')
093.429  001.141  000.211: require('luasnip.nodes.snippet')
093.430  001.205  000.065: require('luasnip.nodes.duplicate')
093.432  001.272  000.066: require('luasnip.loaders.snippet_cache')
093.435  001.699  000.176: require('luasnip.loaders.from_vscode')
097.241  000.123  000.123: require('luasnip.util.parser.neovim_ast')
097.802  000.561  000.561: require('luasnip.util.str')
098.023  000.219  000.219: require('luasnip.util.jsregexp')
098.207  000.183  000.183: require('luasnip.util.directed_graph')
098.210  001.247  000.161: require('luasnip.util.parser.ast_utils')
098.335  000.124  000.124: require('luasnip.nodes.functionNode')
098.604  000.268  000.268: require('luasnip.nodes.choiceNode')
098.706  000.101  000.101: require('luasnip.nodes.dynamicNode')
099.194  000.487  000.487: require('luasnip.util.functions')
099.197  002.314  000.088: require('luasnip.util.parser.ast_parser')
099.313  000.116  000.116: require('luasnip.util.parser.neovim_parser')
099.316  002.522  000.092: require('luasnip.util.parser')
099.318  002.603  000.081: require('luasnip.nodes.snippetProxy')
099.404  000.085  000.085: require('luasnip.nodes.multiSnippet')
100.653  009.271  004.807: sourcing /Users/HS/.config/nvim/after/plugin/cmp.rc.lua
101.224  000.133  000.133: require('colorizer/nvim')
101.417  000.011  000.011: require('ffi')
101.477  000.252  000.242: require('colorizer/trie')
101.566  000.706  000.321: require('colorizer')
101.970  001.278  000.572: sourcing /Users/HS/.config/nvim/after/plugin/colorizer.rc.lua
102.315  000.081  000.081: require('Comment')
102.374  000.329  000.248: sourcing /Users/HS/.config/nvim/after/plugin/comment.rc.lua
102.532  000.121  000.121: sourcing /Users/HS/.config/nvim/after/plugin/flit.rc.lua
104.478  000.783  000.783: require('nvim-web-devicons.icons-default')
104.528  001.057  000.274: require('nvim-web-devicons')
104.553  001.298  000.241: require('fzf-lua.utils')
104.559  001.470  000.172: require('fzf-lua.path')
105.073  000.327  000.327: require('fzf-lua.actions')
105.445  000.144  000.144: require('fzf-lua.previewer')
105.521  000.443  000.300: require('fzf-lua.defaults')
105.526  000.967  000.196: require('fzf-lua.config')
106.057  000.292  000.292: require('fzf-lua.win')
106.486  000.192  000.192: require('fzf-lua.fzf')
106.987  000.499  000.499: require('fzf-lua.libuv')
107.103  000.115  000.115: require('fzf-lua.shell')
109.887  002.783  002.783: require('fzf-lua.make_entry')
109.894  003.835  000.247: require('fzf-lua.core')
109.912  007.014  000.450: require('fzf-lua')
109.932  007.364  000.350: sourcing /Users/HS/.config/nvim/after/plugin/fzf-lua.lua
110.059  000.082  000.082: sourcing /Users/HS/.config/nvim/after/plugin/fzf.rc.lua
110.332  000.188  000.188: require('git')
110.471  000.138  000.138: require('git.config')
110.529  000.430  000.104: sourcing /Users/HS/.config/nvim/after/plugin/git.rc.lua
110.975  000.091  000.091: require('gitsigns.async')
111.223  000.247  000.247: require('gitsigns.config')
111.425  000.201  000.201: require('gitsigns.debug.log')
111.433  000.819  000.279: require('gitsigns')
111.503  000.937  000.118: sourcing /Users/HS/.config/nvim/after/plugin/gitsigns.rc.lua
111.611  000.070  000.070: sourcing /Users/HS/.config/nvim/after/plugin/goyo.rc.lua
111.848  000.198  000.198: sourcing /Users/HS/.config/nvim/after/plugin/impulse.rc.lua
112.056  000.169  000.169: sourcing /Users/HS/.config/nvim/after/plugin/leap.rc.lua
112.253  000.160  000.160: sourcing /Users/HS/.config/nvim/after/plugin/lsp-colors.rc.lua
112.447  000.156  000.156: sourcing /Users/HS/.config/nvim/after/plugin/lsp-installer.lua
112.606  000.122  000.122: sourcing /Users/HS/.config/nvim/after/plugin/lspkind.rc.lua
113.196  000.215  000.215: require('lualine_require')
113.747  001.032  000.817: require('lualine')
117.290  000.099  000.099: require('lualine.utils.mode')
118.882  006.239  005.108: sourcing /Users/HS/.config/nvim/after/plugin/lualine.rc.lua
119.090  000.151  000.151: sourcing /Users/HS/.config/nvim/after/plugin/neosolarized.rc.lua
119.174  000.044  000.044: sourcing /Users/HS/.config/nvim/after/plugin/nvim-surround.rc.lua
119.898  000.077  000.077: require('nvim-tree.notify')
119.901  000.167  000.090: require('nvim-tree.events')
120.120  000.069  000.069: require('nvim-tree.log')
120.459  000.159  000.159: require('nvim-tree.iterators.node-iterator')
120.468  000.347  000.188: require('nvim-tree.utils')
120.582  000.113  000.113: require('nvim-tree.git.utils')
121.038  000.456  000.456: require('nvim-tree.git.runner')
121.142  000.102  000.102: require('nvim-tree.watcher')
121.219  000.076  000.076: require('nvim-tree.explorer.node')
121.222  001.247  000.083: require('nvim-tree.git')
121.296  000.073  000.073: require('nvim-tree.explorer.watch')
121.439  000.071  000.071: require('nvim-tree.explorer.node-builders')
121.516  000.075  000.075: require('nvim-tree.explorer.sorters')
121.671  000.081  000.081: require('nvim-tree.marks')
121.673  000.156  000.075: require('nvim-tree.explorer.filters')
122.153  000.315  000.315: require('nvim-tree.view')
122.155  000.482  000.166: require('nvim-tree.live-filter')
122.157  000.860  000.075: require('nvim-tree.explorer.explore')
122.405  000.248  000.248: require('nvim-tree.explorer.reload')
122.407  002.505  000.078: require('nvim-tree.explorer')
122.409  002.743  000.071: require('nvim-tree.core')
122.583  000.174  000.174: require('nvim-tree.renderer.components.padding')
122.745  000.161  000.161: require('nvim-tree.renderer.components.icons')
123.024  000.278  000.278: require('nvim-tree.renderer.components.full-name')
123.608  000.206  000.206: require('nvim-tree.enum')
123.959  000.349  000.349: require('nvim-tree.renderer.decorator')
123.960  000.716  000.161: require('nvim-tree.renderer.decorator.bookmarks')
124.029  000.068  000.068: require('nvim-tree.renderer.decorator.copied')
124.096  000.066  000.066: require('nvim-tree.renderer.decorator.cut')
124.237  000.072  000.072: require('nvim-tree.diagnostics')
124.240  000.144  000.071: require('nvim-tree.renderer.decorator.diagnostics')
124.316  000.075  000.075: require('nvim-tree.renderer.decorator.git')
124.447  000.061  000.061: require('nvim-tree.buffers')
124.449  000.132  000.071: require('nvim-tree.renderer.decorator.modified')
124.513  000.063  000.063: require('nvim-tree.renderer.decorator.opened')
124.517  001.445  000.181: require('nvim-tree.renderer.builder')
124.520  004.927  000.125: require('nvim-tree.renderer')
124.523  005.007  000.080: require('nvim-tree.lib')
124.594  000.071  000.071: require('nvim-tree.appearance')
124.946  000.068  000.068: require('nvim-tree.actions.finders.find-file')
125.017  000.070  000.070: require('nvim-tree.actions.finders.search-node')
125.018  000.213  000.075: require('nvim-tree.actions.finders')
125.319  000.063  000.063: require('nvim-tree.actions.reloaders')
125.322  000.234  000.171: require('nvim-tree.actions.fs.copy-paste')
125.385  000.062  000.062: require('nvim-tree.actions.fs.create-file')
125.456  000.070  000.070: require('nvim-tree.actions.fs.remove-file')
125.521  000.064  000.064: require('nvim-tree.actions.fs.rename-file')
125.588  000.066  000.066: require('nvim-tree.actions.fs.trash')
125.589  000.570  000.074: require('nvim-tree.actions.fs')
125.721  000.070  000.070: require('nvim-tree.actions.moves.item')
125.782  000.060  000.060: require('nvim-tree.actions.moves.parent')
125.844  000.061  000.061: require('nvim-tree.actions.moves.sibling')
125.846  000.256  000.064: require('nvim-tree.actions.moves')
125.971  000.064  000.064: require('nvim-tree.actions.node.file-popup')
126.129  000.157  000.157: require('nvim-tree.actions.node.open-file')
126.191  000.062  000.062: require('nvim-tree.actions.node.run-command')
126.257  000.064  000.064: require('nvim-tree.actions.node.system-open')
126.258  000.411  000.064: require('nvim-tree.actions.node')
126.436  000.107  000.107: require('nvim-tree.actions.root.change-dir')
126.543  000.106  000.106: require('nvim-tree.actions.root.dir-up')
126.544  000.285  000.072: require('nvim-tree.actions.root')
127.171  000.474  000.474: require('nvim-tree.actions.tree.find-file')
127.328  000.075  000.075: require('nvim-tree.actions.tree.modifiers.collapse-all')
127.393  000.064  000.064: require('nvim-tree.actions.tree.modifiers.expand-all')
127.457  000.063  000.063: require('nvim-tree.actions.tree.modifiers.toggles')
127.458  000.286  000.084: require('nvim-tree.actions.tree.modifiers')
127.524  000.065  000.065: require('nvim-tree.actions.tree.open')
127.584  000.059  000.059: require('nvim-tree.actions.tree.toggle')
127.585  001.040  000.156: require('nvim-tree.actions.tree')
127.586  002.847  000.071: require('nvim-tree.actions')
127.723  000.070  000.070: require('nvim-tree.keymap')
127.725  000.139  000.069: require('nvim-tree.help')
127.790  000.064  000.064: require('nvim-tree.marks.navigation')
127.852  000.060  000.060: require('nvim-tree.marks.bulk-delete')
127.915  000.063  000.063: require('nvim-tree.marks.bulk-trash')
127.977  000.061  000.061: require('nvim-tree.marks.bulk-move')
127.992  003.328  000.094: require('nvim-tree.api')
127.994  003.399  000.071: require('nvim-tree.commands')
128.056  000.061  000.061: require('nvim-tree.legacy')
128.073  008.793  000.256: require('nvim-tree')
128.501  009.288  000.495: sourcing /Users/HS/.config/nvim/after/plugin/nvim-tree.rc.lua
128.711  000.161  000.161: sourcing /Users/HS/.config/nvim/after/plugin/prettier.rc.lua
129.155  000.403  000.403: sourcing /Users/HS/.config/nvim/after/plugin/tailwindcss-colors.rc.lua
129.660  000.172  000.172: require('telescope._extensions')
129.692  000.373  000.200: require('telescope')
131.398  000.084  000.084: require('plenary.bit')
131.473  000.074  000.074: require('plenary.functional')
131.492  000.826  000.668: require('plenary.path')
131.501  000.984  000.158: require('plenary.strings')
131.600  000.098  000.098: require('telescope.deprecated')
131.930  000.089  000.089: require('plenary.log')
131.939  000.175  000.086: require('telescope.log')
132.242  000.131  000.131: require('plenary.job')
132.321  000.078  000.078: require('telescope.state')
132.324  000.385  000.176: require('telescope.utils')
132.327  000.726  000.166: require('telescope.sorters')
133.273  002.963  001.155: require('telescope.config')
133.518  000.082  000.082: require('plenary.window.border')
133.597  000.079  000.079: require('plenary.window')
133.663  000.064  000.064: require('plenary.popup.utils')
133.665  000.391  000.166: require('plenary.popup')
133.741  000.075  000.075: require('telescope.pickers.scroller')
133.809  000.067  000.067: require('telescope.actions.state')
133.881  000.071  000.071: require('telescope.actions.utils')
134.031  000.072  000.072: require('telescope.actions.mt')
134.044  000.163  000.090: require('telescope.actions.set')
134.191  000.078  000.078: require('telescope.config.resolve')
134.193  000.147  000.069: require('telescope.pickers.entry_display')
134.267  000.073  000.073: require('telescope.from_entry')
134.344  004.651  000.700: require('telescope.actions')
134.448  000.103  000.103: require('telescope.builtin')
134.803  000.075  000.075: require('telescope._extensions.file_browser.utils')
135.691  000.887  000.887: require('plenary.scandir')
136.044  000.058  000.058: require('plenary.tbl')
136.046  000.127  000.070: require('plenary.vararg.rotate')
136.047  000.194  000.067: require('plenary.vararg')
136.107  000.059  000.059: require('plenary.errors')
136.108  000.332  000.079: require('plenary.async.async')
136.384  000.063  000.063: require('plenary.async.structs')
136.387  000.130  000.067: require('plenary.async.control')
136.390  000.202  000.072: require('plenary.async.util')
136.391  000.282  000.080: require('plenary.async.tests')
136.392  000.699  000.086: require('plenary.async')
136.415  001.903  000.242: require('telescope._extensions.file_browser.actions')
137.132  000.422  000.422: require('telescope._extensions.file_browser.git')
137.214  000.081  000.081: require('telescope._extensions.file_browser.fs_stat')
137.216  000.624  000.122: require('telescope._extensions.file_browser.make_entry')
137.437  000.059  000.059: require('plenary.class')
137.464  000.163  000.103: require('telescope._')
137.690  000.225  000.225: require('telescope.make_entry')
137.691  000.474  000.087: require('telescope.finders.async_oneshot_finder')
137.916  000.149  000.149: require('telescope.finders.async_static_finder')
138.029  000.112  000.112: require('telescope.finders.async_job_finder')
138.031  000.339  000.079: require('telescope.finders')
138.075  001.659  000.221: require('telescope._extensions.file_browser.finders')
138.836  000.092  000.092: require('telescope.debounce')
138.928  000.091  000.091: require('telescope.mappings')
139.003  000.074  000.074: require('telescope.pickers.highlights')
139.096  000.092  000.092: require('telescope.pickers.window')
139.239  000.070  000.070: require('telescope.algos.linked_list')
139.242  000.145  000.075: require('telescope.entry_manager')
139.324  000.082  000.082: require('telescope.pickers.multi')
139.342  000.840  000.264: require('telescope.pickers')
139.344  001.268  000.428: require('telescope._extensions.file_browser.picker')
139.439  000.094  000.094: require('telescope._extensions.file_browser.config')
139.441  004.992  000.067: require('telescope._extensions.file_browser')
140.562  000.329  000.329: require('fzf_lib')
140.565  000.453  000.124: require('telescope._extensions.fzf')
140.579  011.382  000.810: sourcing /Users/HS/.config/nvim/after/plugin/telescope.rc.lua
140.898  000.270  000.270: sourcing /Users/HS/.config/nvim/after/plugin/toggleterm.rc.lua
143.690  000.227  000.227: require('nvim-treesitter.indent')
143.871  000.127  000.127: require('nvim-treesitter.highlight')
143.982  000.097  000.097: require('ts_context_commentstring')
144.089  000.106  000.106: require('ts_context_commentstring.config')
144.092  003.153  002.596: sourcing /Users/HS/.config/nvim/after/plugin/treesitter.rc.lua
144.221  000.075  000.075: sourcing /Users/HS/.config/nvim/after/plugin/ts-autotag.rc.lua
144.315  000.055  000.055: sourcing /Users/HS/.config/nvim/after/plugin/vim-browser-search.rc.lua
144.411  000.058  000.058: sourcing /Users/HS/.config/nvim/after/plugin/web-devicons.rc.lua
145.378  000.087  000.087: require('zen-mode.util')
145.395  000.598  000.511: require('zen-mode.config')
145.490  000.095  000.095: require('zen-mode.plugins')
145.494  000.833  000.140: require('zen-mode.view')
145.496  000.993  000.160: require('zen-mode')
145.514  001.064  000.071: sourcing /Users/HS/.config/nvim/after/plugin/zen-mode.rc.lua
145.517  002.172: loading after plugins
145.524  000.007: inits 3
148.617  003.094: reading ShaDa
148.961  000.252  000.252: require('luasnip.loaders.from_lua')
149.172  000.209  000.209: require('luasnip.loaders.from_snipmate')
149.310  000.231: opening buffers
149.477  000.092  000.092: require('bufferline.state')
149.553  000.151: BufEnter autocommands
149.554  000.001: editing files in windows
149.632  000.078: VimEnter autocommands
149.633  000.001: UIEnter autocommands
149.634  000.001: before starting main loop
1056.153  906.519: first screen update
1056.161  000.008: --- NVIM STARTED ---


times in msec
 clock   self+sourced   self:  sourced script
 clock   elapsed:              other lines

000.021  000.021: --- NVIM STARTING ---
000.403  000.383: event init
000.779  000.376: early init
001.316  000.537: locale set
001.404  000.088: init first window
020.220  018.816: inits 1
020.235  000.015: window checked
020.237  000.002: parsing arguments
020.888  000.052  000.052: require('vim.shared')
020.987  000.036  000.036: require('vim._options')
020.988  000.097  000.061: require('vim._editor')
020.990  000.201  000.052: require('vim._init_packages')
020.992  000.554: init lua interpreter
021.362  000.370: expanding arguments
021.382  000.020: inits 2
021.685  000.304: init highlight
